-- The C compiler identification is GNU 11.4.0
-- The CXX compiler identification is GNU 11.4.0
-- Detecting C compiler ABI info
-- Detecting C compiler ABI info - done
-- Check for working C compiler: /usr/bin/cc - skipped
-- Detecting C compile features
-- Detecting C compile features - done
-- Detecting CXX compiler ABI info
-- Detecting CXX compiler ABI info - done
-- Check for working CXX compiler: /usr/bin/c++ - skipped
-- Detecting CXX compile features
-- Detecting CXX compile features - done
-- Found ament_cmake: 1.3.12 (/opt/ros/humble/share/ament_cmake/cmake)
-- Found Python3: /usr/bin/python3 (found version "3.10.12") found components: Interpreter 
-- Found rclcpp: 16.0.15 (/opt/ros/humble/share/rclcpp/cmake)
-- Found rosidl_generator_c: 3.1.7 (/opt/ros/humble/share/rosidl_generator_c/cmake)
-- Found rosidl_adapter: 3.1.7 (/opt/ros/humble/share/rosidl_adapter/cmake)
-- Found rosidl_generator_cpp: 3.1.7 (/opt/ros/humble/share/rosidl_generator_cpp/cmake)
-- Using all available rosidl_typesupport_c: rosidl_typesupport_fastrtps_c;rosidl_typesupport_introspection_c
-- Using all available rosidl_typesupport_cpp: rosidl_typesupport_fastrtps_cpp;rosidl_typesupport_introspection_cpp
-- Found rmw_implementation_cmake: 6.1.2 (/opt/ros/humble/share/rmw_implementation_cmake/cmake)
-- Found rmw_fastrtps_cpp: 6.2.8 (/opt/ros/humble/share/rmw_fastrtps_cpp/cmake)
-- Found OpenSSL: /usr/lib/x86_64-linux-gnu/libcrypto.so (found version "3.0.2")  
-- Found FastRTPS: /opt/ros/humble/include  
-- Using RMW implementation 'rmw_fastrtps_cpp' as default
-- Looking for pthread.h
-- Looking for pthread.h - found
-- Performing Test CMAKE_HAVE_LIBC_PTHREAD
-- Performing Test CMAKE_HAVE_LIBC_PTHREAD - Success
-- Found Threads: TRUE  
-- Found sensor_msgs: 4.9.0 (/opt/ros/humble/share/sensor_msgs/cmake)
-- Found image_transport: 3.1.12 (/opt/ros/humble/share/image_transport/cmake)
-- Found cv_bridge: 3.2.1 (/opt/ros/humble/share/cv_bridge/cmake)
-- Found OpenCV: /usr (found version "4.5.4") 
-- Configuring done
-- Generating done
-- Build files have been written to: /home/wele/robomaster_auto_aim/src/build/armor_detector
[ 50%] [32mBuilding CXX object CMakeFiles/armor_detector_node.dir/src/armor_finder.cpp.o[0m
[ 50%] [32mBuilding CXX object CMakeFiles/armor_detector_node.dir/src/main.cpp.o[0m
[ 50%] [32mBuilding CXX object CMakeFiles/armor_detector_node.dir/src/armor_detector_node.cpp.o[0m
[ 66%] [32mBuilding CXX object CMakeFiles/armor_detector_node.dir/src/pnp_solver.cpp.o[0m
[ 83%] [32mBuilding CXX object CMakeFiles/armor_detector_node.dir/src/visualizer.cpp.o[0m
[100%] [32m[1mLinking CXX executable armor_detector_node[0m
[100%] Built target armor_detector_node
-- Install configuration: ""
-- Installing: /home/wele/robomaster_auto_aim/src/install/armor_detector/lib/armor_detector/armor_detector_node
-- Set runtime path of "/home/wele/robomaster_auto_aim/src/install/armor_detector/lib/armor_detector/armor_detector_node" to ""
-- Installing: /home/wele/robomaster_auto_aim/src/install/armor_detector/share/ament_index/resource_index/package_run_dependencies/armor_detector
-- Installing: /home/wele/robomaster_auto_aim/src/install/armor_detector/share/ament_index/resource_index/parent_prefix_path/armor_detector
-- Installing: /home/wele/robomaster_auto_aim/src/install/armor_detector/share/armor_detector/environment/ament_prefix_path.sh
-- Installing: /home/wele/robomaster_auto_aim/src/install/armor_detector/share/armor_detector/environment/ament_prefix_path.dsv
-- Installing: /home/wele/robomaster_auto_aim/src/install/armor_detector/share/armor_detector/environment/path.sh
-- Installing: /home/wele/robomaster_auto_aim/src/install/armor_detector/share/armor_detector/environment/path.dsv
-- Installing: /home/wele/robomaster_auto_aim/src/install/armor_detector/share/armor_detector/local_setup.bash
-- Installing: /home/wele/robomaster_auto_aim/src/install/armor_detector/share/armor_detector/local_setup.sh
-- Installing: /home/wele/robomaster_auto_aim/src/install/armor_detector/share/armor_detector/local_setup.zsh
-- Installing: /home/wele/robomaster_auto_aim/src/install/armor_detector/share/armor_detector/local_setup.dsv
-- Installing: /home/wele/robomaster_auto_aim/src/install/armor_detector/share/armor_detector/package.dsv
-- Installing: /home/wele/robomaster_auto_aim/src/install/armor_detector/share/ament_index/resource_index/packages/armor_detector
-- Installing: /home/wele/robomaster_auto_aim/src/install/armor_detector/share/armor_detector/cmake/armor_detectorConfig.cmake
-- Installing: /home/wele/robomaster_auto_aim/src/install/armor_detector/share/armor_detector/cmake/armor_detectorConfig-version.cmake
-- Installing: /home/wele/robomaster_auto_aim/src/install/armor_detector/share/armor_detector/package.xml
