[0.010s] Invoking command in '/home/wele/robomaster_auto_aim/src/build/armor_detector': /usr/bin/cmake /home/wele/robomaster_auto_aim/src/armor_detector -DCATKIN_INSTALL_INTO_PREFIX_ROOT=0 -DCMAKE_INSTALL_PREFIX=/home/wele/robomaster_auto_aim/src/install/armor_detector
[0.088s] -- The C compiler identification is GNU 11.4.0
[0.151s] -- The CXX compiler identification is GNU 11.4.0
[0.159s] -- Detecting C compiler ABI info
[0.224s] -- Detecting C compiler ABI info - done
[0.229s] -- Check for working C compiler: /usr/bin/cc - skipped
[0.229s] -- Detecting C compile features
[0.230s] -- Detecting C compile features - done
[0.233s] -- Detecting CXX compiler ABI info
[0.305s] -- Detecting CXX compiler ABI info - done
[0.311s] -- Check for working CXX compiler: /usr/bin/c++ - skipped
[0.311s] -- Detecting CXX compile features
[0.312s] -- Detecting CXX compile features - done
[0.318s] -- Found ament_cmake: 1.3.12 (/opt/ros/humble/share/ament_cmake/cmake)
[0.438s] -- Found Python3: /usr/bin/python3 (found version "3.10.12") found components: Interpreter 
[0.549s] -- Found rclcpp: 16.0.15 (/opt/ros/humble/share/rclcpp/cmake)
[0.629s] -- Found rosidl_generator_c: 3.1.7 (/opt/ros/humble/share/rosidl_generator_c/cmake)
[0.635s] -- Found rosidl_adapter: 3.1.7 (/opt/ros/humble/share/rosidl_adapter/cmake)
[0.645s] -- Found rosidl_generator_cpp: 3.1.7 (/opt/ros/humble/share/rosidl_generator_cpp/cmake)
[0.660s] -- Using all available rosidl_typesupport_c: rosidl_typesupport_fastrtps_c;rosidl_typesupport_introspection_c
[0.677s] -- Using all available rosidl_typesupport_cpp: rosidl_typesupport_fastrtps_cpp;rosidl_typesupport_introspection_cpp
[0.725s] -- Found rmw_implementation_cmake: 6.1.2 (/opt/ros/humble/share/rmw_implementation_cmake/cmake)
[0.729s] -- Found rmw_fastrtps_cpp: 6.2.8 (/opt/ros/humble/share/rmw_fastrtps_cpp/cmake)
[0.819s] -- Found OpenSSL: /usr/lib/x86_64-linux-gnu/libcrypto.so (found version "3.0.2")  
[0.843s] -- Found FastRTPS: /opt/ros/humble/include  
[0.879s] -- Using RMW implementation 'rmw_fastrtps_cpp' as default
[0.890s] -- Looking for pthread.h
[0.956s] -- Looking for pthread.h - found
[0.956s] -- Performing Test CMAKE_HAVE_LIBC_PTHREAD
[1.021s] -- Performing Test CMAKE_HAVE_LIBC_PTHREAD - Success
[1.022s] -- Found Threads: TRUE  
[1.072s] -- Found sensor_msgs: 4.9.0 (/opt/ros/humble/share/sensor_msgs/cmake)
[1.102s] -- Found image_transport: 3.1.12 (/opt/ros/humble/share/image_transport/cmake)
[1.137s] -- Found cv_bridge: 3.2.1 (/opt/ros/humble/share/cv_bridge/cmake)
[1.149s] -- Found OpenCV: /usr (found version "4.5.4") 
[1.201s] -- Configuring done
[1.213s] -- Generating done
[1.214s] [33mCMake Warning:
[1.214s]   Manually-specified variables were not used by the project:
[1.214s] 
[1.214s]     CATKIN_INSTALL_INTO_PREFIX_ROOT
[1.214s] 
[1.214s] [0m
[1.216s] -- Build files have been written to: /home/wele/robomaster_auto_aim/src/build/armor_detector
[1.224s] Invoked command in '/home/wele/robomaster_auto_aim/src/build/armor_detector' returned '0': /usr/bin/cmake /home/wele/robomaster_auto_aim/src/armor_detector -DCATKIN_INSTALL_INTO_PREFIX_ROOT=0 -DCMAKE_INSTALL_PREFIX=/home/wele/robomaster_auto_aim/src/install/armor_detector
[1.226s] Invoking command in '/home/wele/robomaster_auto_aim/src/build/armor_detector': /usr/bin/cmake --build /home/wele/robomaster_auto_aim/src/build/armor_detector -- -j12 -l12
[1.275s] [ 50%] [32mBuilding CXX object CMakeFiles/armor_detector_node.dir/src/armor_finder.cpp.o[0m
[1.275s] [ 50%] [32mBuilding CXX object CMakeFiles/armor_detector_node.dir/src/main.cpp.o[0m
[1.275s] [ 50%] [32mBuilding CXX object CMakeFiles/armor_detector_node.dir/src/armor_detector_node.cpp.o[0m
[1.275s] [ 66%] [32mBuilding CXX object CMakeFiles/armor_detector_node.dir/src/pnp_solver.cpp.o[0m
[1.275s] [ 83%] [32mBuilding CXX object CMakeFiles/armor_detector_node.dir/src/visualizer.cpp.o[0m
[4.944s] [100%] [32m[1mLinking CXX executable armor_detector_node[0m
[5.354s] [100%] Built target armor_detector_node
[5.365s] Invoked command in '/home/wele/robomaster_auto_aim/src/build/armor_detector' returned '0': /usr/bin/cmake --build /home/wele/robomaster_auto_aim/src/build/armor_detector -- -j12 -l12
[5.374s] Invoking command in '/home/wele/robomaster_auto_aim/src/build/armor_detector': /usr/bin/cmake --install /home/wele/robomaster_auto_aim/src/build/armor_detector
[5.381s] -- Install configuration: ""
[5.381s] -- Installing: /home/wele/robomaster_auto_aim/src/install/armor_detector/lib/armor_detector/armor_detector_node
[5.382s] -- Set runtime path of "/home/wele/robomaster_auto_aim/src/install/armor_detector/lib/armor_detector/armor_detector_node" to ""
[5.382s] -- Installing: /home/wele/robomaster_auto_aim/src/install/armor_detector/share/ament_index/resource_index/package_run_dependencies/armor_detector
[5.382s] -- Installing: /home/wele/robomaster_auto_aim/src/install/armor_detector/share/ament_index/resource_index/parent_prefix_path/armor_detector
[5.382s] -- Installing: /home/wele/robomaster_auto_aim/src/install/armor_detector/share/armor_detector/environment/ament_prefix_path.sh
[5.382s] -- Installing: /home/wele/robomaster_auto_aim/src/install/armor_detector/share/armor_detector/environment/ament_prefix_path.dsv
[5.383s] -- Installing: /home/wele/robomaster_auto_aim/src/install/armor_detector/share/armor_detector/environment/path.sh
[5.383s] -- Installing: /home/wele/robomaster_auto_aim/src/install/armor_detector/share/armor_detector/environment/path.dsv
[5.383s] -- Installing: /home/wele/robomaster_auto_aim/src/install/armor_detector/share/armor_detector/local_setup.bash
[5.383s] -- Installing: /home/wele/robomaster_auto_aim/src/install/armor_detector/share/armor_detector/local_setup.sh
[5.383s] -- Installing: /home/wele/robomaster_auto_aim/src/install/armor_detector/share/armor_detector/local_setup.zsh
[5.383s] -- Installing: /home/wele/robomaster_auto_aim/src/install/armor_detector/share/armor_detector/local_setup.dsv
[5.383s] -- Installing: /home/wele/robomaster_auto_aim/src/install/armor_detector/share/armor_detector/package.dsv
[5.384s] -- Installing: /home/wele/robomaster_auto_aim/src/install/armor_detector/share/ament_index/resource_index/packages/armor_detector
[5.384s] -- Installing: /home/wele/robomaster_auto_aim/src/install/armor_detector/share/armor_detector/cmake/armor_detectorConfig.cmake
[5.384s] -- Installing: /home/wele/robomaster_auto_aim/src/install/armor_detector/share/armor_detector/cmake/armor_detectorConfig-version.cmake
[5.384s] -- Installing: /home/wele/robomaster_auto_aim/src/install/armor_detector/share/armor_detector/package.xml
[5.385s] Invoked command in '/home/wele/robomaster_auto_aim/src/build/armor_detector' returned '0': /usr/bin/cmake --install /home/wele/robomaster_auto_aim/src/build/armor_detector
